Wed 13 Feb 2019 07:29:55 PM -02 - Eduardo Carvalho e Guilherme Vieira Beira
Wed 13 Feb 2019 07:36:12 PM -02 - Jorge Madson Santos Viana e Guilherme Vieira Beira
Wed 13 Feb 2019 07:42:19 PM -02 - Haruan Mossato Justino e Jorge Madson Santos Viana
Wed 13 Feb 2019 07:47:50 PM -02 - Natan Streppel e Haruan Mossato Justino
Wed 13 Feb 2019 07:53:46 PM -02 - Raphael Rodrigues Nogueira e Natan Streppel
Wed 13 Feb 2019 08:06:48 PM -02 - Marcelo dos Santos Moraes Junior e Raphael Rodrigues Nogueira
Wed 13 Feb 2019 08:12:39 PM -02 - Felipe Amorim e Marcelo dos Santos Moraes Junior
Wed 13 Feb 2019 08:18:03 PM -02 - Lucas Gregory e Felipe Amorim
Wed 13 Feb 2019 08:24:06 PM -02 - Guilherme Nascimento e Lucas Gregory
Wed 13 Feb 2019 08:30:04 PM -02 - Antonio Rafael Santos Prestes e Guilherme Nascimento
Wed 13 Feb 2019 08:47:14 PM -02 - Allex Vissoci e Antonio Rafael Santos Prestes
Wed 13 Feb 2019 08:52:33 PM -02 - \Gabriel e Allex Vissoci
Wed 13 Feb 2019 08:59:09 PM -02 - Julio Nascimento e Gabriel Peixoto
Wed 13 Feb 2019 09:05:07 PM -02 - Gerson Mauri Dallegrave de Almeida e Julio Nascimento
Wed 13 Feb 2019 09:10:49 PM -02 - Milton Kowalewski de Souza e Gerson Mauri Dallegrave de Almeida
Wed 13 Feb 2019 09:16:25 PM -02 - hian aguiar e Milton Kowalewski de Souza
Wed 13 Feb 2019 09:22:26 PM -02 - Guilherme Vinicius Schroder e hian aguiar
Wed 13 Feb 2019 09:31:26 PM -02 - Thiago Miranda e Guilherme Vinicius Schroder
Wed 13 Feb 2019 09:37:04 PM -02 - Everton Henrique Carneiro e Thiago Miranda
Wed 13 Feb 2019 09:43:48 PM -02 - Douglas Felipe Costa e Everton Henrique Carneiro
